start at 2025-08-02 16:40:45
sending request, awaiting response...
status 200 OK
content size: 185128 [~0.18MB]
saving file to: SMS_Hindenburg
6.37 KiB / 180.79 KiB [=                                                 ] 3.52% 0.01 MiB/s 17s
12.76 KiB / 180.79 KiB [===                                               ] 7.06% 0.01 MiB/s 16s
28.70 KiB / 180.79 KiB [=======                                           ] 15.87% 0.01 MiB/s 15s
44.63 KiB / 180.79 KiB [============                                      ] 24.69% 0.01 MiB/s 13s
60.57 KiB / 180.79 KiB [================                                  ] 33.50% 0.01 MiB/s 12s
64.00 KiB / 180.79 KiB [=================                                 ] 35.40% 0.01 MiB/s 11s
79.94 KiB / 180.79 KiB [======================                            ] 44.22% 0.01 MiB/s 10s
95.88 KiB / 180.79 KiB [==========================                        ] 53.03% 0.01 MiB/s 8s
111.81 KiB / 180.79 KiB [==============================                    ] 61.85% 0.01 MiB/s 6s
127.75 KiB / 180.79 KiB [===================================               ] 70.66% 0.01 MiB/s 5s
143.69 KiB / 180.79 KiB [=======================================           ] 79.48% 0.01 MiB/s 3s
159.62 KiB / 180.79 KiB [============================================      ] 88.29% 0.01 MiB/s 2s
175.56 KiB / 180.79 KiB [================================================  ] 97.11% 0.01 MiB/s 0s
180.79 KiB / 180.79 KiB [==================================================] 100.00% 0.01 MiB/s 0s
Downloaded [https://en.wikipedia.org/wiki/SMS_Hindenburg] finished at 2025-08-02 16:41:04
start at 2025-08-02 16:41:43
sending request, awaiting response...
status 200 OK
content size: 185128 [~0.18MB]
saving file to: SMS_Hindenburg
6.37 KiB / 180.79 KiB [=                                                 ] 3.52% 262.63 MiB/s 0s
12.76 KiB / 180.79 KiB [===                                               ] 7.06% 227.76 MiB/s 0s
28.70 KiB / 180.79 KiB [=======                                           ] 15.87% 0.50 MiB/s 0s
32.00 KiB / 180.79 KiB [========                                          ] 17.70% 0.52 MiB/s 0s
47.94 KiB / 180.79 KiB [=============                                     ] 26.52% 0.51 MiB/s 0s
63.88 KiB / 180.79 KiB [=================                                 ] 35.33% 0.58 MiB/s 0s
64.00 KiB / 180.79 KiB [=================                                 ] 35.40% 0.58 MiB/s 0s
79.94 KiB / 180.79 KiB [======================                            ] 44.22% 0.64 MiB/s 0s
95.88 KiB / 180.79 KiB [==========================                        ] 53.03% 0.68 MiB/s 0s
111.81 KiB / 180.79 KiB [==============================                    ] 61.85% 0.72 MiB/s 0s
127.75 KiB / 180.79 KiB [===================================               ] 70.66% 0.78 MiB/s 0s
143.69 KiB / 180.79 KiB [=======================================           ] 79.48% 0.83 MiB/s 0s
159.62 KiB / 180.79 KiB [============================================      ] 88.29% 0.88 MiB/s 0s
175.56 KiB / 180.79 KiB [================================================  ] 97.11% 0.94 MiB/s 0s
180.79 KiB / 180.79 KiB [==================================================] 100.00% 0.96 MiB/s 0s
Downloaded [https://en.wikipedia.org/wiki/SMS_Hindenburg] finished at 2025-08-02 16:41:43
start at 2025-08-02 16:41:59
sending request, awaiting response...
status 200 OK
content size: 185128 [~0.18MB]
saving file to: SMS_Hindenburg
6.37 KiB / 180.79 KiB [=                                                 ] 3.52% 303.18 MiB/s 0s
12.76 KiB / 180.79 KiB [===                                               ] 7.06% 130.98 MiB/s 0s
28.69 KiB / 180.79 KiB [=======                                           ] 15.87% 0.46 MiB/s 0s
32.00 KiB / 180.79 KiB [========                                          ] 17.70% 0.49 MiB/s 0s
47.94 KiB / 180.79 KiB [=============                                     ] 26.52% 0.48 MiB/s 0s
63.88 KiB / 180.79 KiB [=================                                 ] 35.33% 0.55 MiB/s 0s
64.00 KiB / 180.79 KiB [=================                                 ] 35.40% 0.55 MiB/s 0s
79.94 KiB / 180.79 KiB [======================                            ] 44.22% 0.60 MiB/s 0s
95.88 KiB / 180.79 KiB [==========================                        ] 53.03% 0.64 MiB/s 0s
111.81 KiB / 180.79 KiB [==============================                    ] 61.85% 0.68 MiB/s 0s
127.75 KiB / 180.79 KiB [===================================               ] 70.66% 0.74 MiB/s 0s
143.69 KiB / 180.79 KiB [=======================================           ] 79.48% 0.79 MiB/s 0s
159.62 KiB / 180.79 KiB [============================================      ] 88.29% 0.84 MiB/s 0s
175.56 KiB / 180.79 KiB [================================================  ] 97.11% 0.89 MiB/s 0s
180.79 KiB / 180.79 KiB [==================================================] 100.00% 0.91 MiB/s 0s
Downloaded [https://en.wikipedia.org/wiki/SMS_Hindenburg] finished at 2025-08-02 16:42:00
start at 2025-08-03 09:54:42
sending request, awaiting response...
status 200 OK
content size: 185212 [~0.18MB]
saving file to: SMS_Hindenburg
6.37 KiB / 180.87 KiB [=                                                 ] 3.52% 291.05 MiB/s 0s
12.76 KiB / 180.87 KiB [===                                               ] 7.05% 107.56 MiB/s 0s
28.70 KiB / 180.87 KiB [=======                                           ] 15.87% 0.48 MiB/s 0s
32.00 KiB / 180.87 KiB [========                                          ] 17.69% 0.50 MiB/s 0s
47.94 KiB / 180.87 KiB [=============                                     ] 26.50% 0.49 MiB/s 0s
63.88 KiB / 180.87 KiB [=================                                 ] 35.32% 0.57 MiB/s 0s
64.00 KiB / 180.87 KiB [=================                                 ] 35.38% 0.57 MiB/s 0s
79.94 KiB / 180.87 KiB [======================                            ] 44.20% 0.62 MiB/s 0s
95.88 KiB / 180.87 KiB [==========================                        ] 53.01% 0.67 MiB/s 0s
96.00 KiB / 180.87 KiB [==========================                        ] 53.08% 0.67 MiB/s 0s
111.94 KiB / 180.87 KiB [==============================                    ] 61.89% 0.71 MiB/s 0s
127.88 KiB / 180.87 KiB [===================================               ] 70.70% 0.76 MiB/s 0s
128.00 KiB / 180.87 KiB [===================================               ] 70.77% 0.76 MiB/s 0s
143.94 KiB / 180.87 KiB [=======================================           ] 79.58% 0.82 MiB/s 0s
159.88 KiB / 180.87 KiB [============================================      ] 88.39% 0.87 MiB/s 0s
175.81 KiB / 180.87 KiB [================================================  ] 97.20% 0.92 MiB/s 0s
180.87 KiB / 180.87 KiB [==================================================] 100.00% 0.93 MiB/s 0s
Downloaded [https://en.wikipedia.org/wiki/SMS_Hindenburg] finished at 2025-08-03 09:54:43
